[ 2016-09-19T21:57:41+08:00 ] 127.0.0.1 /index.php/delete/id/$vo.id.html
INFO: [ app_init ] --START--
INFO: Run Behavior\BuildLiteBehavior [ RunTime:0.000013s ]
INFO: [ app_init ] --END-- [ RunTime:0.000430s ]
ERR: 无法加载模块:Delete

[ 2016-09-19T21:59:19+08:00 ] 127.0.0.1 /index.php/delete/id/$vo.id.html
INFO: [ app_init ] --START--
INFO: Run Behavior\BuildLiteBehavior [ RunTime:0.000014s ]
INFO: [ app_init ] --END-- [ RunTime:0.000401s ]
ERR: 无法加载模块:Delete

[ 2016-09-19T21:59:20+08:00 ] 127.0.0.1 /index.php/delete/id/$vo.id.html
INFO: [ app_init ] --START--
INFO: Run Behavior\BuildLiteBehavior [ RunTime:0.000013s ]
INFO: [ app_init ] --END-- [ RunTime:0.000377s ]
ERR: 无法加载模块:Delete

[ 2016-09-19T21:59:23+08:00 ] 127.0.0.1 /index.php/delete/id/$vo.id.html
INFO: [ app_init ] --START--
INFO: Run Behavior\BuildLiteBehavior [ RunTime:0.000023s ]
INFO: [ app_init ] --END-- [ RunTime:0.000745s ]
ERR: 无法加载模块:Delete

[ 2016-09-19T21:59:56+08:00 ] 127.0.0.1 /index.php/delete/id/$vo.id.html
INFO: [ app_init ] --START--
INFO: Run Behavior\BuildLiteBehavior [ RunTime:0.000013s ]
INFO: [ app_init ] --END-- [ RunTime:0.000413s ]
ERR: 无法加载模块:Delete

[ 2016-09-19T21:59:57+08:00 ] 127.0.0.1 /index.php/delete/id/$vo.id.html
INFO: [ app_init ] --START--
INFO: Run Behavior\BuildLiteBehavior [ RunTime:0.000011s ]
INFO: [ app_init ] --END-- [ RunTime:0.000325s ]
ERR: 无法加载模块:Delete

[ 2016-09-19T22:00:02+08:00 ] 127.0.0.1 /index.php/delete/id/$vo.id.html
INFO: [ app_init ] --START--
INFO: Run Behavior\BuildLiteBehavior [ RunTime:0.000011s ]
INFO: [ app_init ] --END-- [ RunTime:0.000330s ]
ERR: 无法加载模块:Delete

[ 2016-09-19T22:01:51+08:00 ] 127.0.0.1 /index.php/delete/id/$vo.id.html
INFO: [ app_init ] --START--
INFO: Run Behavior\BuildLiteBehavior [ RunTime:0.000011s ]
INFO: [ app_init ] --END-- [ RunTime:0.000330s ]
ERR: 无法加载模块:Delete

