[ 2016-09-05T22:08:39+08:00 ] 127.0.0.1 /index.php/admin/Category/show
INFO: [ app_init ] --START--
INFO: Run Behavior\BuildLiteBehavior [ RunTime:0.000012s ]
INFO: [ app_init ] --END-- [ RunTime:0.000423s ]
INFO: [ app_begin ] --START--
INFO: Run Behavior\ReadHtmlCacheBehavior [ RunTime:0.000673s ]
INFO: [ app_begin ] --END-- [ RunTime:0.000720s ]
NOTIC: [2048] Declaration of Admin\Controller\CategoryController::show() should be compatible with Think\Controller::show($content, $charset = '', $contentType = '', $prefix = '') D:\Project\thinkphp-blog\Application\Admin\Controller\CategoryController.class.php 第 18 行.
ERR: 模板不存在:./Application/Admin/View/Category/show.html

[ 2016-09-05T22:08:58+08:00 ] 127.0.0.1 /index.php/admin/Category/show
INFO: [ app_init ] --START--
INFO: Run Behavior\BuildLiteBehavior [ RunTime:0.000012s ]
INFO: [ app_init ] --END-- [ RunTime:0.000405s ]
INFO: [ app_begin ] --START--
INFO: Run Behavior\ReadHtmlCacheBehavior [ RunTime:0.000429s ]
INFO: [ app_begin ] --END-- [ RunTime:0.000471s ]
NOTIC: [2048] Declaration of Admin\Controller\CategoryController::show() should be compatible with Think\Controller::show($content, $charset = '', $contentType = '', $prefix = '') D:\Project\thinkphp-blog\Application\Admin\Controller\CategoryController.class.php 第 18 行.
INFO: [ app_end ] --START--
INFO: Run Behavior\ShowPageTraceBehavior [ RunTime:0.000569s ]
INFO: [ app_end ] --END-- [ RunTime:0.000613s ]

[ 2016-09-05T22:10:13+08:00 ] 127.0.0.1 /index.php/admin/Category/show
INFO: [ app_init ] --START--
INFO: Run Behavior\BuildLiteBehavior [ RunTime:0.000011s ]
INFO: [ app_init ] --END-- [ RunTime:0.000322s ]
INFO: [ app_begin ] --START--
INFO: Run Behavior\ReadHtmlCacheBehavior [ RunTime:0.000400s ]
INFO: [ app_begin ] --END-- [ RunTime:0.000438s ]
NOTIC: [2048] Declaration of Admin\Controller\CategoryController::show() should be compatible with Think\Controller::show($content, $charset = '', $contentType = '', $prefix = '') D:\Project\thinkphp-blog\Application\Admin\Controller\CategoryController.class.php 第 19 行.
SQL: SHOW COLUMNS FROM `tpb_category` [ RunTime:0.0100s ]
NOTIC: [4096] Object of class Think\Model could not be converted to string D:\Project\thinkphp-blog\Application\Admin\Controller\CategoryController.class.php 第 11 行.
INFO: [ app_end ] --START--
INFO: Run Behavior\ShowPageTraceBehavior [ RunTime:0.000547s ]
INFO: [ app_end ] --END-- [ RunTime:0.000611s ]

[ 2016-09-05T22:10:14+08:00 ] 127.0.0.1 /index.php/admin/Category/show
INFO: [ app_init ] --START--
INFO: Run Behavior\BuildLiteBehavior [ RunTime:0.000013s ]
INFO: [ app_init ] --END-- [ RunTime:0.000352s ]
INFO: [ app_begin ] --START--
INFO: Run Behavior\ReadHtmlCacheBehavior [ RunTime:0.000418s ]
INFO: [ app_begin ] --END-- [ RunTime:0.000458s ]
NOTIC: [2048] Declaration of Admin\Controller\CategoryController::show() should be compatible with Think\Controller::show($content, $charset = '', $contentType = '', $prefix = '') D:\Project\thinkphp-blog\Application\Admin\Controller\CategoryController.class.php 第 19 行.
SQL: SHOW COLUMNS FROM `tpb_category` [ RunTime:0.0097s ]
NOTIC: [4096] Object of class Think\Model could not be converted to string D:\Project\thinkphp-blog\Application\Admin\Controller\CategoryController.class.php 第 11 行.
INFO: [ app_end ] --START--
INFO: Run Behavior\ShowPageTraceBehavior [ RunTime:0.000606s ]
INFO: [ app_end ] --END-- [ RunTime:0.000669s ]

[ 2016-09-05T22:12:19+08:00 ] 127.0.0.1 /index.php/admin/Category/show
INFO: [ app_init ] --START--
INFO: Run Behavior\BuildLiteBehavior [ RunTime:0.000015s ]
INFO: [ app_init ] --END-- [ RunTime:0.000467s ]
INFO: [ app_begin ] --START--
INFO: Run Behavior\ReadHtmlCacheBehavior [ RunTime:0.000773s ]
INFO: [ app_begin ] --END-- [ RunTime:0.000842s ]
NOTIC: [2048] Declaration of Admin\Controller\CategoryController::show() should be compatible with Think\Controller::show($content, $charset = '', $contentType = '', $prefix = '') D:\Project\thinkphp-blog\Application\Admin\Controller\CategoryController.class.php 第 21 行.
SQL: SHOW COLUMNS FROM `tpb_category` [ RunTime:0.0084s ]
NOTIC: [8] Undefined variable: Data D:\Project\thinkphp-blog\Application\Admin\Controller\CategoryController.class.php 第 11 行.

[ 2016-09-05T22:12:55+08:00 ] 127.0.0.1 /index.php/admin/Category/show
INFO: [ app_init ] --START--
INFO: Run Behavior\BuildLiteBehavior [ RunTime:0.000011s ]
INFO: [ app_init ] --END-- [ RunTime:0.000333s ]
INFO: [ app_begin ] --START--
INFO: Run Behavior\ReadHtmlCacheBehavior [ RunTime:0.000413s ]
INFO: [ app_begin ] --END-- [ RunTime:0.000485s ]
NOTIC: [2048] Declaration of Admin\Controller\CategoryController::show() should be compatible with Think\Controller::show($content, $charset = '', $contentType = '', $prefix = '') D:\Project\thinkphp-blog\Application\Admin\Controller\CategoryController.class.php 第 21 行.
SQL: SHOW COLUMNS FROM `tpb_category` [ RunTime:0.0094s ]
NOTIC: [8] Undefined variable: Data D:\Project\thinkphp-blog\Application\Admin\Controller\CategoryController.class.php 第 11 行.

[ 2016-09-05T22:12:57+08:00 ] 127.0.0.1 /index.php/admin/Category/show
INFO: [ app_init ] --START--
INFO: Run Behavior\BuildLiteBehavior [ RunTime:0.000012s ]
INFO: [ app_init ] --END-- [ RunTime:0.000332s ]
INFO: [ app_begin ] --START--
INFO: Run Behavior\ReadHtmlCacheBehavior [ RunTime:0.000475s ]
INFO: [ app_begin ] --END-- [ RunTime:0.000520s ]
NOTIC: [2048] Declaration of Admin\Controller\CategoryController::show() should be compatible with Think\Controller::show($content, $charset = '', $contentType = '', $prefix = '') D:\Project\thinkphp-blog\Application\Admin\Controller\CategoryController.class.php 第 21 行.
SQL: SHOW COLUMNS FROM `tpb_category` [ RunTime:0.0093s ]
NOTIC: [8] Undefined variable: Data D:\Project\thinkphp-blog\Application\Admin\Controller\CategoryController.class.php 第 11 行.

[ 2016-09-05T22:13:29+08:00 ] 127.0.0.1 /index.php/admin/Category/show
INFO: [ app_init ] --START--
INFO: Run Behavior\BuildLiteBehavior [ RunTime:0.000015s ]
INFO: [ app_init ] --END-- [ RunTime:0.000394s ]
INFO: [ app_begin ] --START--
INFO: Run Behavior\ReadHtmlCacheBehavior [ RunTime:0.000490s ]
INFO: [ app_begin ] --END-- [ RunTime:0.000538s ]
NOTIC: [2048] Declaration of Admin\Controller\CategoryController::show() should be compatible with Think\Controller::show($content, $charset = '', $contentType = '', $prefix = '') D:\Project\thinkphp-blog\Application\Admin\Controller\CategoryController.class.php 第 21 行.
SQL: SHOW COLUMNS FROM `tpb_category` [ RunTime:0.0115s ]
SQL: SELECT * FROM `tpb_category` WHERE `id` = 1 LIMIT 1   [ RunTime:0.0003s ]
INFO: [ view_parse ] --START--
INFO: [ template_filter ] --START--
INFO: Run Behavior\ContentReplaceBehavior [ RunTime:0.011157s ]
INFO: [ template_filter ] --END-- [ RunTime:0.011253s ]
NOTIC: [8] Undefined variable: resule D:\Project\thinkphp-blog\Application\Runtime\Cache\Admin\0552e754fb6dbcc0dfccaf13cdb10ed0.php 第 1 行.
INFO: Run Behavior\ParseTemplateBehavior [ RunTime:0.138758s ]
INFO: [ view_parse ] --END-- [ RunTime:0.138811s ]
INFO: [ view_filter ] --START--
INFO: Run Behavior\WriteHtmlCacheBehavior [ RunTime:0.000770s ]
INFO: [ view_filter ] --END-- [ RunTime:0.000823s ]
INFO: [ app_end ] --START--
INFO: Run Behavior\ShowPageTraceBehavior [ RunTime:0.000960s ]
INFO: [ app_end ] --END-- [ RunTime:0.001026s ]

[ 2016-09-05T22:13:31+08:00 ] 127.0.0.1 /index.php/admin/Category/show
INFO: [ app_init ] --START--
INFO: Run Behavior\BuildLiteBehavior [ RunTime:0.000011s ]
INFO: [ app_init ] --END-- [ RunTime:0.000362s ]
INFO: [ app_begin ] --START--
INFO: Run Behavior\ReadHtmlCacheBehavior [ RunTime:0.000550s ]
INFO: [ app_begin ] --END-- [ RunTime:0.000595s ]
NOTIC: [2048] Declaration of Admin\Controller\CategoryController::show() should be compatible with Think\Controller::show($content, $charset = '', $contentType = '', $prefix = '') D:\Project\thinkphp-blog\Application\Admin\Controller\CategoryController.class.php 第 21 行.
SQL: SHOW COLUMNS FROM `tpb_category` [ RunTime:0.0092s ]
SQL: SELECT * FROM `tpb_category` WHERE `id` = 1 LIMIT 1   [ RunTime:0.0003s ]
INFO: [ view_parse ] --START--
INFO: [ template_filter ] --START--
INFO: Run Behavior\ContentReplaceBehavior [ RunTime:0.000030s ]
INFO: [ template_filter ] --END-- [ RunTime:0.000074s ]
NOTIC: [8] Undefined variable: resule D:\Project\thinkphp-blog\Application\Runtime\Cache\Admin\0552e754fb6dbcc0dfccaf13cdb10ed0.php 第 1 行.
INFO: Run Behavior\ParseTemplateBehavior [ RunTime:0.005096s ]
INFO: [ view_parse ] --END-- [ RunTime:0.005136s ]
INFO: [ view_filter ] --START--
INFO: Run Behavior\WriteHtmlCacheBehavior [ RunTime:0.000565s ]
INFO: [ view_filter ] --END-- [ RunTime:0.000601s ]
INFO: [ app_end ] --START--
INFO: Run Behavior\ShowPageTraceBehavior [ RunTime:0.000428s ]
INFO: [ app_end ] --END-- [ RunTime:0.000464s ]

[ 2016-09-05T22:14:59+08:00 ] 127.0.0.1 /index.php/admin/Category/show
INFO: [ app_init ] --START--
INFO: Run Behavior\BuildLiteBehavior [ RunTime:0.000011s ]
INFO: [ app_init ] --END-- [ RunTime:0.000403s ]
INFO: [ app_begin ] --START--
INFO: Run Behavior\ReadHtmlCacheBehavior [ RunTime:0.000615s ]
INFO: [ app_begin ] --END-- [ RunTime:0.000658s ]
NOTIC: [2048] Declaration of Admin\Controller\CategoryController::show() should be compatible with Think\Controller::show($content, $charset = '', $contentType = '', $prefix = '') D:\Project\thinkphp-blog\Application\Admin\Controller\CategoryController.class.php 第 21 行.
SQL: SHOW COLUMNS FROM `tpb_category` [ RunTime:0.0095s ]
SQL: SELECT * FROM `tpb_category` WHERE `id` = 1 LIMIT 1   [ RunTime:0.0003s ]
INFO: [ view_parse ] --START--
INFO: [ template_filter ] --START--
INFO: Run Behavior\ContentReplaceBehavior [ RunTime:0.000029s ]
INFO: [ template_filter ] --END-- [ RunTime:0.000072s ]
NOTIC: [8] Undefined variable: resule D:\Project\thinkphp-blog\Application\Runtime\Cache\Admin\0552e754fb6dbcc0dfccaf13cdb10ed0.php 第 1 行.
INFO: Run Behavior\ParseTemplateBehavior [ RunTime:0.005984s ]
INFO: [ view_parse ] --END-- [ RunTime:0.006024s ]
INFO: [ view_filter ] --START--
INFO: Run Behavior\WriteHtmlCacheBehavior [ RunTime:0.000569s ]
INFO: [ view_filter ] --END-- [ RunTime:0.000612s ]
INFO: [ app_end ] --START--
INFO: Run Behavior\ShowPageTraceBehavior [ RunTime:0.000464s ]
INFO: [ app_end ] --END-- [ RunTime:0.000500s ]

[ 2016-09-05T22:15:00+08:00 ] 127.0.0.1 /index.php/admin/Category/show
INFO: [ app_init ] --START--
INFO: Run Behavior\BuildLiteBehavior [ RunTime:0.000015s ]
INFO: [ app_init ] --END-- [ RunTime:0.000409s ]
INFO: [ app_begin ] --START--
INFO: Run Behavior\ReadHtmlCacheBehavior [ RunTime:0.000432s ]
INFO: [ app_begin ] --END-- [ RunTime:0.000477s ]
NOTIC: [2048] Declaration of Admin\Controller\CategoryController::show() should be compatible with Think\Controller::show($content, $charset = '', $contentType = '', $prefix = '') D:\Project\thinkphp-blog\Application\Admin\Controller\CategoryController.class.php 第 21 行.
SQL: SHOW COLUMNS FROM `tpb_category` [ RunTime:0.0095s ]
SQL: SELECT * FROM `tpb_category` WHERE `id` = 1 LIMIT 1   [ RunTime:0.0003s ]
INFO: [ view_parse ] --START--
INFO: [ template_filter ] --START--
INFO: Run Behavior\ContentReplaceBehavior [ RunTime:0.000034s ]
INFO: [ template_filter ] --END-- [ RunTime:0.000085s ]
NOTIC: [8] Undefined variable: resule D:\Project\thinkphp-blog\Application\Runtime\Cache\Admin\0552e754fb6dbcc0dfccaf13cdb10ed0.php 第 1 行.
INFO: Run Behavior\ParseTemplateBehavior [ RunTime:0.006276s ]
INFO: [ view_parse ] --END-- [ RunTime:0.006316s ]
INFO: [ view_filter ] --START--
INFO: Run Behavior\WriteHtmlCacheBehavior [ RunTime:0.000568s ]
INFO: [ view_filter ] --END-- [ RunTime:0.000602s ]
INFO: [ app_end ] --START--
INFO: Run Behavior\ShowPageTraceBehavior [ RunTime:0.000447s ]
INFO: [ app_end ] --END-- [ RunTime:0.000492s ]

[ 2016-09-05T22:15:01+08:00 ] 127.0.0.1 /index.php/admin/Category/show
INFO: [ app_init ] --START--
INFO: Run Behavior\BuildLiteBehavior [ RunTime:0.000013s ]
INFO: [ app_init ] --END-- [ RunTime:0.000380s ]
INFO: [ app_begin ] --START--
INFO: Run Behavior\ReadHtmlCacheBehavior [ RunTime:0.000498s ]
INFO: [ app_begin ] --END-- [ RunTime:0.000561s ]
NOTIC: [2048] Declaration of Admin\Controller\CategoryController::show() should be compatible with Think\Controller::show($content, $charset = '', $contentType = '', $prefix = '') D:\Project\thinkphp-blog\Application\Admin\Controller\CategoryController.class.php 第 21 行.
SQL: SHOW COLUMNS FROM `tpb_category` [ RunTime:0.0117s ]
SQL: SELECT * FROM `tpb_category` WHERE `id` = 1 LIMIT 1   [ RunTime:0.0004s ]
INFO: [ view_parse ] --START--
INFO: [ template_filter ] --START--
INFO: Run Behavior\ContentReplaceBehavior [ RunTime:0.000034s ]
INFO: [ template_filter ] --END-- [ RunTime:0.000085s ]
NOTIC: [8] Undefined variable: resule D:\Project\thinkphp-blog\Application\Runtime\Cache\Admin\0552e754fb6dbcc0dfccaf13cdb10ed0.php 第 1 行.
INFO: Run Behavior\ParseTemplateBehavior [ RunTime:0.006107s ]
INFO: [ view_parse ] --END-- [ RunTime:0.006160s ]
INFO: [ view_filter ] --START--
INFO: Run Behavior\WriteHtmlCacheBehavior [ RunTime:0.000746s ]
INFO: [ view_filter ] --END-- [ RunTime:0.000802s ]
INFO: [ app_end ] --START--
INFO: Run Behavior\ShowPageTraceBehavior [ RunTime:0.000579s ]
INFO: [ app_end ] --END-- [ RunTime:0.000632s ]

[ 2016-09-05T22:18:39+08:00 ] 127.0.0.1 /index.php/admin/Category/show
INFO: [ app_init ] --START--
INFO: Run Behavior\BuildLiteBehavior [ RunTime:0.000012s ]
INFO: [ app_init ] --END-- [ RunTime:0.000453s ]
INFO: [ app_begin ] --START--
INFO: Run Behavior\ReadHtmlCacheBehavior [ RunTime:0.000648s ]
INFO: [ app_begin ] --END-- [ RunTime:0.000690s ]
NOTIC: [2048] Declaration of Admin\Controller\CategoryController::show() should be compatible with Think\Controller::show($content, $charset = '', $contentType = '', $prefix = '') D:\Project\thinkphp-blog\Application\Admin\Controller\CategoryController.class.php 第 22 行.
SQL: SHOW COLUMNS FROM `tpb_category` [ RunTime:0.0087s ]
INFO: [ app_end ] --START--
INFO: Run Behavior\ShowPageTraceBehavior [ RunTime:0.000733s ]
INFO: [ app_end ] --END-- [ RunTime:0.000789s ]

[ 2016-09-05T22:19:52+08:00 ] 127.0.0.1 /index.php/admin/Category/show
INFO: [ app_init ] --START--
INFO: Run Behavior\BuildLiteBehavior [ RunTime:0.000017s ]
INFO: [ app_init ] --END-- [ RunTime:0.000460s ]
INFO: [ app_begin ] --START--
INFO: Run Behavior\ReadHtmlCacheBehavior [ RunTime:0.000490s ]
INFO: [ app_begin ] --END-- [ RunTime:0.000550s ]
NOTIC: [2048] Declaration of Admin\Controller\CategoryController::show() should be compatible with Think\Controller::show($content, $charset = '', $contentType = '', $prefix = '') D:\Project\thinkphp-blog\Application\Admin\Controller\CategoryController.class.php 第 22 行.
SQL: SHOW COLUMNS FROM `tpb_category` [ RunTime:0.0094s ]
SQL: SELECT * FROM `tpb_category` WHERE `id` = 1 LIMIT 1   [ RunTime:0.0004s ]
INFO: [ app_end ] --START--
INFO: Run Behavior\ShowPageTraceBehavior [ RunTime:0.000545s ]
INFO: [ app_end ] --END-- [ RunTime:0.000585s ]

[ 2016-09-05T22:20:22+08:00 ] 127.0.0.1 /index.php/admin/Category/show
INFO: [ app_init ] --START--
INFO: Run Behavior\BuildLiteBehavior [ RunTime:0.000012s ]
INFO: [ app_init ] --END-- [ RunTime:0.000379s ]
INFO: [ app_begin ] --START--
INFO: Run Behavior\ReadHtmlCacheBehavior [ RunTime:0.000465s ]
INFO: [ app_begin ] --END-- [ RunTime:0.000511s ]
NOTIC: [2048] Declaration of Admin\Controller\CategoryController::show() should be compatible with Think\Controller::show($content, $charset = '', $contentType = '', $prefix = '') D:\Project\thinkphp-blog\Application\Admin\Controller\CategoryController.class.php 第 22 行.
SQL: SHOW COLUMNS FROM `tpb_category` [ RunTime:0.0102s ]
SQL: SELECT * FROM `tpb_category` WHERE `id` = 1 LIMIT 1   [ RunTime:0.0003s ]
INFO: [ view_parse ] --START--
INFO: [ template_filter ] --START--
INFO: Run Behavior\ContentReplaceBehavior [ RunTime:0.000050s ]
INFO: [ template_filter ] --END-- [ RunTime:0.000155s ]
NOTIC: [8] Undefined variable: resule D:\Project\thinkphp-blog\Application\Runtime\Cache\Admin\0552e754fb6dbcc0dfccaf13cdb10ed0.php 第 1 行.
INFO: Run Behavior\ParseTemplateBehavior [ RunTime:0.006691s ]
INFO: [ view_parse ] --END-- [ RunTime:0.006752s ]
INFO: [ view_filter ] --START--
INFO: Run Behavior\WriteHtmlCacheBehavior [ RunTime:0.000786s ]
INFO: [ view_filter ] --END-- [ RunTime:0.000836s ]
INFO: [ app_end ] --START--
INFO: Run Behavior\ShowPageTraceBehavior [ RunTime:0.000676s ]
INFO: [ app_end ] --END-- [ RunTime:0.000727s ]

[ 2016-09-05T22:20:23+08:00 ] 127.0.0.1 /index.php/admin/Category/show
INFO: [ app_init ] --START--
INFO: Run Behavior\BuildLiteBehavior [ RunTime:0.000012s ]
INFO: [ app_init ] --END-- [ RunTime:0.000383s ]
INFO: [ app_begin ] --START--
INFO: Run Behavior\ReadHtmlCacheBehavior [ RunTime:0.000416s ]
INFO: [ app_begin ] --END-- [ RunTime:0.000458s ]
NOTIC: [2048] Declaration of Admin\Controller\CategoryController::show() should be compatible with Think\Controller::show($content, $charset = '', $contentType = '', $prefix = '') D:\Project\thinkphp-blog\Application\Admin\Controller\CategoryController.class.php 第 22 行.
SQL: SHOW COLUMNS FROM `tpb_category` [ RunTime:0.0091s ]
SQL: SELECT * FROM `tpb_category` WHERE `id` = 1 LIMIT 1   [ RunTime:0.0003s ]
INFO: [ view_parse ] --START--
INFO: [ template_filter ] --START--
INFO: Run Behavior\ContentReplaceBehavior [ RunTime:0.000031s ]
INFO: [ template_filter ] --END-- [ RunTime:0.000077s ]
NOTIC: [8] Undefined variable: resule D:\Project\thinkphp-blog\Application\Runtime\Cache\Admin\0552e754fb6dbcc0dfccaf13cdb10ed0.php 第 1 行.
INFO: Run Behavior\ParseTemplateBehavior [ RunTime:0.005054s ]
INFO: [ view_parse ] --END-- [ RunTime:0.005093s ]
INFO: [ view_filter ] --START--
INFO: Run Behavior\WriteHtmlCacheBehavior [ RunTime:0.000613s ]
INFO: [ view_filter ] --END-- [ RunTime:0.000651s ]
INFO: [ app_end ] --START--
INFO: Run Behavior\ShowPageTraceBehavior [ RunTime:0.000455s ]
INFO: [ app_end ] --END-- [ RunTime:0.000492s ]

[ 2016-09-05T22:20:34+08:00 ] 127.0.0.1 /index.php/admin/Category/show
INFO: [ app_init ] --START--
INFO: Run Behavior\BuildLiteBehavior [ RunTime:0.000012s ]
INFO: [ app_init ] --END-- [ RunTime:0.000341s ]
INFO: [ app_begin ] --START--
INFO: Run Behavior\ReadHtmlCacheBehavior [ RunTime:0.000684s ]
INFO: [ app_begin ] --END-- [ RunTime:0.000759s ]
NOTIC: [2048] Declaration of Admin\Controller\CategoryController::show() should be compatible with Think\Controller::show($content, $charset = '', $contentType = '', $prefix = '') D:\Project\thinkphp-blog\Application\Admin\Controller\CategoryController.class.php 第 22 行.
SQL: SHOW COLUMNS FROM `tpb_category` [ RunTime:0.0091s ]
SQL: SELECT * FROM `tpb_category` WHERE `id` = 1 LIMIT 1   [ RunTime:0.0003s ]
INFO: [ view_parse ] --START--
INFO: [ template_filter ] --START--
INFO: Run Behavior\ContentReplaceBehavior [ RunTime:0.000028s ]
INFO: [ template_filter ] --END-- [ RunTime:0.000071s ]
NOTIC: [8] Undefined variable: resule D:\Project\thinkphp-blog\Application\Runtime\Cache\Admin\0552e754fb6dbcc0dfccaf13cdb10ed0.php 第 1 行.
INFO: Run Behavior\ParseTemplateBehavior [ RunTime:0.005277s ]
INFO: [ view_parse ] --END-- [ RunTime:0.005316s ]
INFO: [ view_filter ] --START--
INFO: Run Behavior\WriteHtmlCacheBehavior [ RunTime:0.000639s ]
INFO: [ view_filter ] --END-- [ RunTime:0.000674s ]
INFO: [ app_end ] --START--
INFO: Run Behavior\ShowPageTraceBehavior [ RunTime:0.000471s ]
INFO: [ app_end ] --END-- [ RunTime:0.000506s ]

[ 2016-09-05T22:20:58+08:00 ] 127.0.0.1 /index.php/admin/Category/show
INFO: [ app_init ] --START--
INFO: Run Behavior\BuildLiteBehavior [ RunTime:0.000017s ]
INFO: [ app_init ] --END-- [ RunTime:0.000612s ]
INFO: [ app_begin ] --START--
INFO: Run Behavior\ReadHtmlCacheBehavior [ RunTime:0.000632s ]
INFO: [ app_begin ] --END-- [ RunTime:0.000687s ]
NOTIC: [2048] Declaration of Admin\Controller\CategoryController::show() should be compatible with Think\Controller::show($content, $charset = '', $contentType = '', $prefix = '') D:\Project\thinkphp-blog\Application\Admin\Controller\CategoryController.class.php 第 22 行.
SQL: SHOW COLUMNS FROM `tpb_category` [ RunTime:0.0087s ]
SQL: SELECT * FROM `tpb_category` WHERE `id` = 1 LIMIT 1   [ RunTime:0.0004s ]
INFO: [ view_parse ] --START--
INFO: [ template_filter ] --START--
INFO: Run Behavior\ContentReplaceBehavior [ RunTime:0.000031s ]
INFO: [ template_filter ] --END-- [ RunTime:0.000077s ]
INFO: Run Behavior\ParseTemplateBehavior [ RunTime:0.006555s ]
INFO: [ view_parse ] --END-- [ RunTime:0.006607s ]
INFO: [ view_filter ] --START--
INFO: Run Behavior\WriteHtmlCacheBehavior [ RunTime:0.000579s ]
INFO: [ view_filter ] --END-- [ RunTime:0.000614s ]
INFO: [ app_end ] --START--
INFO: Run Behavior\ShowPageTraceBehavior [ RunTime:0.000615s ]
INFO: [ app_end ] --END-- [ RunTime:0.000650s ]

[ 2016-09-05T22:33:50+08:00 ] 127.0.0.1 /index.php/admin/Category/show
INFO: [ app_init ] --START--
INFO: Run Behavior\BuildLiteBehavior [ RunTime:0.000013s ]
INFO: [ app_init ] --END-- [ RunTime:0.000478s ]
INFO: [ app_begin ] --START--
INFO: Run Behavior\ReadHtmlCacheBehavior [ RunTime:0.001691s ]
INFO: [ app_begin ] --END-- [ RunTime:0.001751s ]
NOTIC: [2048] Declaration of Admin\Controller\CategoryController::show() should be compatible with Think\Controller::show($content, $charset = '', $contentType = '', $prefix = '') D:\Project\thinkphp-blog\Application\Admin\Controller\CategoryController.class.php 第 21 行.
SQL: SHOW COLUMNS FROM `tpb_category` [ RunTime:0.0100s ]
SQL: SELECT * FROM `tpb_category` LIMIT 2   [ RunTime:0.0004s ]
INFO: [ view_parse ] --START--
INFO: [ template_filter ] --START--
INFO: Run Behavior\ContentReplaceBehavior [ RunTime:0.000033s ]
INFO: [ template_filter ] --END-- [ RunTime:0.000078s ]
INFO: Run Behavior\ParseTemplateBehavior [ RunTime:0.011091s ]
INFO: [ view_parse ] --END-- [ RunTime:0.011151s ]
INFO: [ view_filter ] --START--
INFO: Run Behavior\WriteHtmlCacheBehavior [ RunTime:0.000799s ]
INFO: [ view_filter ] --END-- [ RunTime:0.000837s ]
INFO: [ app_end ] --START--
INFO: Run Behavior\ShowPageTraceBehavior [ RunTime:0.001050s ]
INFO: [ app_end ] --END-- [ RunTime:0.001088s ]

[ 2016-09-05T22:34:52+08:00 ] 127.0.0.1 /index.php/admin/Category/show
INFO: [ app_init ] --START--
INFO: Run Behavior\BuildLiteBehavior [ RunTime:0.000013s ]
INFO: [ app_init ] --END-- [ RunTime:0.000415s ]
INFO: [ app_begin ] --START--
INFO: Run Behavior\ReadHtmlCacheBehavior [ RunTime:0.000949s ]
INFO: [ app_begin ] --END-- [ RunTime:0.000995s ]
NOTIC: [2048] Declaration of Admin\Controller\CategoryController::show() should be compatible with Think\Controller::show($content, $charset = '', $contentType = '', $prefix = '') D:\Project\thinkphp-blog\Application\Admin\Controller\CategoryController.class.php 第 21 行.
SQL: SHOW COLUMNS FROM `tpb_category` [ RunTime:0.0170s ]
SQL: SELECT * FROM `tpb_category` LIMIT 2   [ RunTime:0.0003s ]
INFO: [ view_parse ] --START--
INFO: [ template_filter ] --START--
INFO: Run Behavior\ContentReplaceBehavior [ RunTime:0.000031s ]
INFO: [ template_filter ] --END-- [ RunTime:0.000075s ]
INFO: Run Behavior\ParseTemplateBehavior [ RunTime:0.009701s ]
INFO: [ view_parse ] --END-- [ RunTime:0.009768s ]
INFO: [ view_filter ] --START--
INFO: Run Behavior\WriteHtmlCacheBehavior [ RunTime:0.000757s ]
INFO: [ view_filter ] --END-- [ RunTime:0.000791s ]
INFO: [ app_end ] --START--
INFO: Run Behavior\ShowPageTraceBehavior [ RunTime:0.000944s ]
INFO: [ app_end ] --END-- [ RunTime:0.000989s ]

[ 2016-09-05T22:34:54+08:00 ] 127.0.0.1 /index.php/admin/Category/show
INFO: [ app_init ] --START--
INFO: Run Behavior\BuildLiteBehavior [ RunTime:0.000014s ]
INFO: [ app_init ] --END-- [ RunTime:0.000463s ]
INFO: [ app_begin ] --START--
INFO: Run Behavior\ReadHtmlCacheBehavior [ RunTime:0.001359s ]
INFO: [ app_begin ] --END-- [ RunTime:0.001426s ]
NOTIC: [2048] Declaration of Admin\Controller\CategoryController::show() should be compatible with Think\Controller::show($content, $charset = '', $contentType = '', $prefix = '') D:\Project\thinkphp-blog\Application\Admin\Controller\CategoryController.class.php 第 21 行.
SQL: SHOW COLUMNS FROM `tpb_category` [ RunTime:0.0106s ]
SQL: SELECT * FROM `tpb_category` LIMIT 2   [ RunTime:0.0003s ]
INFO: [ view_parse ] --START--
INFO: [ template_filter ] --START--
INFO: Run Behavior\ContentReplaceBehavior [ RunTime:0.000034s ]
INFO: [ template_filter ] --END-- [ RunTime:0.000082s ]
INFO: Run Behavior\ParseTemplateBehavior [ RunTime:0.008204s ]
INFO: [ view_parse ] --END-- [ RunTime:0.008269s ]
INFO: [ view_filter ] --START--
INFO: Run Behavior\WriteHtmlCacheBehavior [ RunTime:0.000867s ]
INFO: [ view_filter ] --END-- [ RunTime:0.000907s ]
INFO: [ app_end ] --START--
INFO: Run Behavior\ShowPageTraceBehavior [ RunTime:0.001273s ]
INFO: [ app_end ] --END-- [ RunTime:0.001329s ]

[ 2016-09-05T22:35:02+08:00 ] 127.0.0.1 /index.php/admin/Category/show
INFO: [ app_init ] --START--
INFO: Run Behavior\BuildLiteBehavior [ RunTime:0.000011s ]
INFO: [ app_init ] --END-- [ RunTime:0.000438s ]
INFO: [ app_begin ] --START--
INFO: Run Behavior\ReadHtmlCacheBehavior [ RunTime:0.000935s ]
INFO: [ app_begin ] --END-- [ RunTime:0.000978s ]
NOTIC: [2048] Declaration of Admin\Controller\CategoryController::show() should be compatible with Think\Controller::show($content, $charset = '', $contentType = '', $prefix = '') D:\Project\thinkphp-blog\Application\Admin\Controller\CategoryController.class.php 第 21 行.
SQL: SHOW COLUMNS FROM `tpb_category` [ RunTime:0.0092s ]
SQL: SELECT * FROM `tpb_category` LIMIT 2   [ RunTime:0.0003s ]
INFO: [ view_parse ] --START--
INFO: [ template_filter ] --START--
INFO: Run Behavior\ContentReplaceBehavior [ RunTime:0.000030s ]
INFO: [ template_filter ] --END-- [ RunTime:0.000070s ]
INFO: Run Behavior\ParseTemplateBehavior [ RunTime:0.009728s ]
INFO: [ view_parse ] --END-- [ RunTime:0.009783s ]
INFO: [ view_filter ] --START--
INFO: Run Behavior\WriteHtmlCacheBehavior [ RunTime:0.000751s ]
INFO: [ view_filter ] --END-- [ RunTime:0.000799s ]
INFO: [ app_end ] --START--
INFO: Run Behavior\ShowPageTraceBehavior [ RunTime:0.000941s ]
INFO: [ app_end ] --END-- [ RunTime:0.000989s ]

[ 2016-09-05T22:35:17+08:00 ] 127.0.0.1 /index.php/admin/Category/show
INFO: [ app_init ] --START--
INFO: Run Behavior\BuildLiteBehavior [ RunTime:0.000011s ]
INFO: [ app_init ] --END-- [ RunTime:0.000427s ]
INFO: [ app_begin ] --START--
INFO: Run Behavior\ReadHtmlCacheBehavior [ RunTime:0.001339s ]
INFO: [ app_begin ] --END-- [ RunTime:0.001396s ]
NOTIC: [2048] Declaration of Admin\Controller\CategoryController::show() should be compatible with Think\Controller::show($content, $charset = '', $contentType = '', $prefix = '') D:\Project\thinkphp-blog\Application\Admin\Controller\CategoryController.class.php 第 21 行.
SQL: SHOW COLUMNS FROM `tpb_category` [ RunTime:0.0090s ]
SQL: SELECT * FROM `tpb_category`  [ RunTime:0.0003s ]
INFO: [ view_parse ] --START--
INFO: [ template_filter ] --START--
INFO: Run Behavior\ContentReplaceBehavior [ RunTime:0.000032s ]
INFO: [ template_filter ] --END-- [ RunTime:0.000078s ]
INFO: Run Behavior\ParseTemplateBehavior [ RunTime:0.007203s ]
INFO: [ view_parse ] --END-- [ RunTime:0.007259s ]
INFO: [ view_filter ] --START--
INFO: Run Behavior\WriteHtmlCacheBehavior [ RunTime:0.000741s ]
INFO: [ view_filter ] --END-- [ RunTime:0.000775s ]
INFO: [ app_end ] --START--
INFO: Run Behavior\ShowPageTraceBehavior [ RunTime:0.000956s ]
INFO: [ app_end ] --END-- [ RunTime:0.000991s ]

[ 2016-09-05T22:35:47+08:00 ] 127.0.0.1 /index.php/admin/Category/show
INFO: [ app_init ] --START--
INFO: Run Behavior\BuildLiteBehavior [ RunTime:0.000014s ]
INFO: [ app_init ] --END-- [ RunTime:0.000478s ]
INFO: [ app_begin ] --START--
INFO: Run Behavior\ReadHtmlCacheBehavior [ RunTime:0.001468s ]
INFO: [ app_begin ] --END-- [ RunTime:0.001560s ]
NOTIC: [2048] Declaration of Admin\Controller\CategoryController::show() should be compatible with Think\Controller::show($content, $charset = '', $contentType = '', $prefix = '') D:\Project\thinkphp-blog\Application\Admin\Controller\CategoryController.class.php 第 21 行.
SQL: SHOW COLUMNS FROM `tpb_category` [ RunTime:0.0110s ]
SQL: SELECT * FROM `tpb_category`  [ RunTime:0.0003s ]
INFO: [ view_parse ] --START--
INFO: [ template_filter ] --START--
INFO: Run Behavior\ContentReplaceBehavior [ RunTime:0.000053s ]
INFO: [ template_filter ] --END-- [ RunTime:0.000130s ]
INFO: Run Behavior\ParseTemplateBehavior [ RunTime:0.013267s ]
INFO: [ view_parse ] --END-- [ RunTime:0.013351s ]
INFO: [ view_filter ] --START--
INFO: Run Behavior\WriteHtmlCacheBehavior [ RunTime:0.000884s ]
INFO: [ view_filter ] --END-- [ RunTime:0.000923s ]
INFO: [ app_end ] --START--
INFO: Run Behavior\ShowPageTraceBehavior [ RunTime:0.001377s ]
INFO: [ app_end ] --END-- [ RunTime:0.001433s ]

