[ 2016-09-25T15:15:57+08:00 ] 127.0.0.1 /index.php/Admin
INFO: [ app_init ] --START--
INFO: Run Behavior\BuildLiteBehavior [ RunTime:0.000016s ]
INFO: [ app_init ] --END-- [ RunTime:0.186231s ]
INFO: [ app_begin ] --START--
INFO: Run Behavior\ReadHtmlCacheBehavior [ RunTime:0.100833s ]
INFO: [ app_begin ] --END-- [ RunTime:0.100912s ]

[ 2016-09-25T16:30:34+08:00 ] 127.0.0.1 /index.php/Admin/Login/login.html
INFO: [ app_init ] --START--
INFO: Run Behavior\BuildLiteBehavior [ RunTime:0.000013s ]
INFO: [ app_init ] --END-- [ RunTime:0.000414s ]
INFO: [ app_begin ] --START--
INFO: Run Behavior\ReadHtmlCacheBehavior [ RunTime:0.000427s ]
INFO: [ app_begin ] --END-- [ RunTime:0.000471s ]
INFO: [ view_parse ] --START--
INFO: [ template_filter ] --START--
INFO: Run Behavior\ContentReplaceBehavior [ RunTime:0.000047s ]
INFO: [ template_filter ] --END-- [ RunTime:0.000095s ]
INFO: Run Behavior\ParseTemplateBehavior [ RunTime:0.034572s ]
INFO: [ view_parse ] --END-- [ RunTime:0.034636s ]
INFO: [ view_filter ] --START--
INFO: Run Behavior\WriteHtmlCacheBehavior [ RunTime:0.000243s ]
INFO: [ view_filter ] --END-- [ RunTime:0.000274s ]
INFO: [ app_end ] --START--
INFO: Run Behavior\ShowPageTraceBehavior [ RunTime:0.000470s ]
INFO: [ app_end ] --END-- [ RunTime:0.000506s ]

[ 2016-09-25T16:30:35+08:00 ] 127.0.0.1 /index.php/Admin/Login/showVerify
INFO: [ app_init ] --START--
INFO: Run Behavior\BuildLiteBehavior [ RunTime:0.000018s ]
INFO: [ app_init ] --END-- [ RunTime:0.000624s ]
INFO: [ app_begin ] --START--
INFO: Run Behavior\ReadHtmlCacheBehavior [ RunTime:0.001114s ]
INFO: [ app_begin ] --END-- [ RunTime:0.001206s ]
INFO: [ app_end ] --START--
INFO: Run Behavior\ShowPageTraceBehavior [ RunTime:0.000940s ]
INFO: [ app_end ] --END-- [ RunTime:0.001004s ]

[ 2016-09-25T16:30:43+08:00 ] 127.0.0.1 /index.php/Admin/Login/login
INFO: [ app_init ] --START--
INFO: Run Behavior\BuildLiteBehavior [ RunTime:0.000011s ]
INFO: [ app_init ] --END-- [ RunTime:0.000343s ]
INFO: [ app_begin ] --START--
INFO: Run Behavior\ReadHtmlCacheBehavior [ RunTime:0.000466s ]
INFO: [ app_begin ] --END-- [ RunTime:0.000507s ]
SQL: SHOW COLUMNS FROM `tpb_user` [ RunTime:0.0083s ]
SQL: SELECT * FROM `tpb_user` WHERE `username` = 'tom'  [ RunTime:0.0004s ]
INFO: [ view_parse ] --START--
INFO: [ template_filter ] --START--
INFO: Run Behavior\ContentReplaceBehavior [ RunTime:0.000037s ]
INFO: [ template_filter ] --END-- [ RunTime:0.000077s ]
INFO: Run Behavior\ParseTemplateBehavior [ RunTime:0.051690s ]
INFO: [ view_parse ] --END-- [ RunTime:0.051743s ]
INFO: [ view_filter ] --START--
INFO: Run Behavior\WriteHtmlCacheBehavior [ RunTime:0.000543s ]
INFO: [ view_filter ] --END-- [ RunTime:0.000575s ]
INFO: [ app_end ] --START--
INFO: Run Behavior\ShowPageTraceBehavior [ RunTime:0.000719s ]
INFO: [ app_end ] --END-- [ RunTime:0.000754s ]

[ 2016-09-25T16:30:44+08:00 ] 127.0.0.1 /index.php/Admin/Index/index.html
INFO: [ app_init ] --START--
INFO: Run Behavior\BuildLiteBehavior [ RunTime:0.000014s ]
INFO: [ app_init ] --END-- [ RunTime:0.000399s ]
INFO: [ app_begin ] --START--
INFO: Run Behavior\ReadHtmlCacheBehavior [ RunTime:0.000438s ]
INFO: [ app_begin ] --END-- [ RunTime:0.000486s ]
SQL: SHOW COLUMNS FROM `tpb_user` [ RunTime:0.0083s ]
SQL: SELECT * FROM `tpb_user` WHERE `id` = 1 LIMIT 1   [ RunTime:0.0004s ]
INFO: [ view_parse ] --START--
INFO: [ template_filter ] --START--
INFO: Run Behavior\ContentReplaceBehavior [ RunTime:0.000039s ]
INFO: [ template_filter ] --END-- [ RunTime:0.000083s ]
INFO: Run Behavior\ParseTemplateBehavior [ RunTime:0.013235s ]
INFO: [ view_parse ] --END-- [ RunTime:0.013313s ]
INFO: [ view_filter ] --START--
INFO: Run Behavior\WriteHtmlCacheBehavior [ RunTime:0.000554s ]
INFO: [ view_filter ] --END-- [ RunTime:0.000599s ]
INFO: [ app_end ] --START--
INFO: Run Behavior\ShowPageTraceBehavior [ RunTime:0.000738s ]
INFO: [ app_end ] --END-- [ RunTime:0.000775s ]

[ 2016-09-25T16:30:50+08:00 ] 127.0.0.1 /index.php/admin/category/add
INFO: [ app_init ] --START--
INFO: Run Behavior\BuildLiteBehavior [ RunTime:0.000011s ]
INFO: [ app_init ] --END-- [ RunTime:0.000331s ]
INFO: [ app_begin ] --START--
INFO: Run Behavior\ReadHtmlCacheBehavior [ RunTime:0.000408s ]
INFO: [ app_begin ] --END-- [ RunTime:0.000447s ]
NOTIC: [2048] Declaration of Admin\Controller\CategoryController::show() should be compatible with Think\Controller::show($content, $charset = '', $contentType = '', $prefix = '') D:\Project\thinkphp-blog\Application\Admin\Controller\CategoryController.class.php 第 7 行.
SQL: SHOW COLUMNS FROM `tpb_category` [ RunTime:0.0085s ]
INFO: [ view_parse ] --START--
INFO: [ template_filter ] --START--
INFO: Run Behavior\ContentReplaceBehavior [ RunTime:0.000046s ]
INFO: [ template_filter ] --END-- [ RunTime:0.000126s ]
INFO: Run Behavior\ParseTemplateBehavior [ RunTime:0.023036s ]
INFO: [ view_parse ] --END-- [ RunTime:0.023090s ]
INFO: [ view_filter ] --START--
INFO: Run Behavior\WriteHtmlCacheBehavior [ RunTime:0.000570s ]
INFO: [ view_filter ] --END-- [ RunTime:0.000604s ]
INFO: [ app_end ] --START--
INFO: Run Behavior\ShowPageTraceBehavior [ RunTime:0.000734s ]
INFO: [ app_end ] --END-- [ RunTime:0.000769s ]

[ 2016-09-25T16:30:51+08:00 ] 127.0.0.1 /index.php/admin/category/show
INFO: [ app_init ] --START--
INFO: Run Behavior\BuildLiteBehavior [ RunTime:0.000011s ]
INFO: [ app_init ] --END-- [ RunTime:0.000335s ]
INFO: [ app_begin ] --START--
INFO: Run Behavior\ReadHtmlCacheBehavior [ RunTime:0.000419s ]
INFO: [ app_begin ] --END-- [ RunTime:0.000468s ]
NOTIC: [2048] Declaration of Admin\Controller\CategoryController::show() should be compatible with Think\Controller::show($content, $charset = '', $contentType = '', $prefix = '') D:\Project\thinkphp-blog\Application\Admin\Controller\CategoryController.class.php 第 7 行.
SQL: SHOW COLUMNS FROM `tpb_category` [ RunTime:0.0090s ]
SQL: SELECT * FROM `tpb_category` WHERE `user_id` = 1  [ RunTime:0.0003s ]
INFO: [ view_parse ] --START--
INFO: [ template_filter ] --START--
INFO: Run Behavior\ContentReplaceBehavior [ RunTime:0.000046s ]
INFO: [ template_filter ] --END-- [ RunTime:0.000092s ]
INFO: Run Behavior\ParseTemplateBehavior [ RunTime:0.053422s ]
INFO: [ view_parse ] --END-- [ RunTime:0.053477s ]
INFO: [ view_filter ] --START--
INFO: Run Behavior\WriteHtmlCacheBehavior [ RunTime:0.000605s ]
INFO: [ view_filter ] --END-- [ RunTime:0.000648s ]
INFO: [ app_end ] --START--
INFO: Run Behavior\ShowPageTraceBehavior [ RunTime:0.001242s ]
INFO: [ app_end ] --END-- [ RunTime:0.001290s ]

[ 2016-09-25T16:30:53+08:00 ] 127.0.0.1 /index.php/admin/article/show
INFO: [ app_init ] --START--
INFO: Run Behavior\BuildLiteBehavior [ RunTime:0.000011s ]
INFO: [ app_init ] --END-- [ RunTime:0.000335s ]
INFO: [ app_begin ] --START--
INFO: Run Behavior\ReadHtmlCacheBehavior [ RunTime:0.000403s ]
INFO: [ app_begin ] --END-- [ RunTime:0.000444s ]
NOTIC: [2048] Declaration of Admin\Controller\ArticleController::show() should be compatible with Think\Controller::show($content, $charset = '', $contentType = '', $prefix = '') D:\Project\thinkphp-blog\Application\Admin\Controller\ArticleController.class.php 第 7 行.
SQL: SHOW COLUMNS FROM `tpb_article` [ RunTime:0.0079s ]
SQL: SELECT COUNT(*) AS tp_count FROM `tpb_article` WHERE `user_id` = 1 LIMIT 1   [ RunTime:0.0003s ]
SQL: SELECT * FROM `tpb_article` WHERE `user_id` = 1 ORDER BY `create_datetime` LIMIT 0,3   [ RunTime:0.0005s ]
INFO: [ view_parse ] --START--
INFO: [ template_filter ] --START--
INFO: Run Behavior\ContentReplaceBehavior [ RunTime:0.000050s ]
INFO: [ template_filter ] --END-- [ RunTime:0.000099s ]
INFO: Run Behavior\ParseTemplateBehavior [ RunTime:0.047626s ]
INFO: [ view_parse ] --END-- [ RunTime:0.047679s ]
INFO: [ view_filter ] --START--
INFO: Run Behavior\WriteHtmlCacheBehavior [ RunTime:0.000787s ]
INFO: [ view_filter ] --END-- [ RunTime:0.000845s ]
INFO: [ app_end ] --START--
INFO: Run Behavior\ShowPageTraceBehavior [ RunTime:0.001202s ]
INFO: [ app_end ] --END-- [ RunTime:0.001300s ]

[ 2016-09-25T16:30:53+08:00 ] 127.0.0.1 /index.php/admin/article/add
INFO: [ app_init ] --START--
INFO: Run Behavior\BuildLiteBehavior [ RunTime:0.000011s ]
INFO: [ app_init ] --END-- [ RunTime:0.000329s ]
INFO: [ app_begin ] --START--
INFO: Run Behavior\ReadHtmlCacheBehavior [ RunTime:0.000407s ]
INFO: [ app_begin ] --END-- [ RunTime:0.000446s ]
NOTIC: [2048] Declaration of Admin\Controller\ArticleController::show() should be compatible with Think\Controller::show($content, $charset = '', $contentType = '', $prefix = '') D:\Project\thinkphp-blog\Application\Admin\Controller\ArticleController.class.php 第 7 行.
SQL: SHOW COLUMNS FROM `tpb_category` [ RunTime:0.0081s ]
SQL: SELECT * FROM `tpb_category`  [ RunTime:0.0003s ]
INFO: [ view_parse ] --START--
INFO: [ template_filter ] --START--
INFO: Run Behavior\ContentReplaceBehavior [ RunTime:0.000066s ]
INFO: [ template_filter ] --END-- [ RunTime:0.000116s ]
INFO: Run Behavior\ParseTemplateBehavior [ RunTime:0.032923s ]
INFO: [ view_parse ] --END-- [ RunTime:0.032978s ]
INFO: [ view_filter ] --START--
INFO: Run Behavior\WriteHtmlCacheBehavior [ RunTime:0.000573s ]
INFO: [ view_filter ] --END-- [ RunTime:0.000607s ]
INFO: [ app_end ] --START--
INFO: Run Behavior\ShowPageTraceBehavior [ RunTime:0.000728s ]
INFO: [ app_end ] --END-- [ RunTime:0.000763s ]

[ 2016-09-25T16:30:55+08:00 ] 127.0.0.1 /index.php/admin/article/show
INFO: [ app_init ] --START--
INFO: Run Behavior\BuildLiteBehavior [ RunTime:0.000019s ]
INFO: [ app_init ] --END-- [ RunTime:0.000681s ]
INFO: [ app_begin ] --START--
INFO: Run Behavior\ReadHtmlCacheBehavior [ RunTime:0.001745s ]
INFO: [ app_begin ] --END-- [ RunTime:0.001846s ]
NOTIC: [2048] Declaration of Admin\Controller\ArticleController::show() should be compatible with Think\Controller::show($content, $charset = '', $contentType = '', $prefix = '') D:\Project\thinkphp-blog\Application\Admin\Controller\ArticleController.class.php 第 7 行.
SQL: SHOW COLUMNS FROM `tpb_article` [ RunTime:0.0120s ]
SQL: SELECT COUNT(*) AS tp_count FROM `tpb_article` WHERE `user_id` = 1 LIMIT 1   [ RunTime:0.0004s ]
SQL: SELECT * FROM `tpb_article` WHERE `user_id` = 1 ORDER BY `create_datetime` LIMIT 0,3   [ RunTime:0.0007s ]
INFO: [ view_parse ] --START--
INFO: [ template_filter ] --START--
INFO: Run Behavior\ContentReplaceBehavior [ RunTime:0.000088s ]
INFO: [ template_filter ] --END-- [ RunTime:0.000174s ]
INFO: Run Behavior\ParseTemplateBehavior [ RunTime:0.013778s ]
INFO: [ view_parse ] --END-- [ RunTime:0.013859s ]
INFO: [ view_filter ] --START--
INFO: Run Behavior\WriteHtmlCacheBehavior [ RunTime:0.000657s ]
INFO: [ view_filter ] --END-- [ RunTime:0.000717s ]
INFO: [ app_end ] --START--
INFO: Run Behavior\ShowPageTraceBehavior [ RunTime:0.000774s ]
INFO: [ app_end ] --END-- [ RunTime:0.000861s ]

[ 2016-09-25T16:30:56+08:00 ] 127.0.0.1 /index.php/Admin/Article/show/p/2.html
INFO: [ app_init ] --START--
INFO: Run Behavior\BuildLiteBehavior [ RunTime:0.000018s ]
INFO: [ app_init ] --END-- [ RunTime:0.000619s ]
INFO: [ app_begin ] --START--
INFO: Run Behavior\ReadHtmlCacheBehavior [ RunTime:0.000477s ]
INFO: [ app_begin ] --END-- [ RunTime:0.000525s ]
NOTIC: [2048] Declaration of Admin\Controller\ArticleController::show() should be compatible with Think\Controller::show($content, $charset = '', $contentType = '', $prefix = '') D:\Project\thinkphp-blog\Application\Admin\Controller\ArticleController.class.php 第 7 行.
SQL: SHOW COLUMNS FROM `tpb_article` [ RunTime:0.0101s ]
SQL: SELECT COUNT(*) AS tp_count FROM `tpb_article` WHERE `user_id` = 1 LIMIT 1   [ RunTime:0.0003s ]
SQL: SELECT * FROM `tpb_article` WHERE `user_id` = 1 ORDER BY `create_datetime` LIMIT 3,3   [ RunTime:0.0004s ]
INFO: [ view_parse ] --START--
INFO: [ template_filter ] --START--
INFO: Run Behavior\ContentReplaceBehavior [ RunTime:0.000054s ]
INFO: [ template_filter ] --END-- [ RunTime:0.000106s ]
INFO: Run Behavior\ParseTemplateBehavior [ RunTime:0.012108s ]
INFO: [ view_parse ] --END-- [ RunTime:0.012181s ]
INFO: [ view_filter ] --START--
INFO: Run Behavior\WriteHtmlCacheBehavior [ RunTime:0.000316s ]
INFO: [ view_filter ] --END-- [ RunTime:0.000357s ]
INFO: [ app_end ] --START--
INFO: Run Behavior\ShowPageTraceBehavior [ RunTime:0.000939s ]
INFO: [ app_end ] --END-- [ RunTime:0.000992s ]

[ 2016-09-25T16:30:58+08:00 ] 127.0.0.1 /index.php/Admin/Article/show/p/1.html
INFO: [ app_init ] --START--
INFO: Run Behavior\BuildLiteBehavior [ RunTime:0.000013s ]
INFO: [ app_init ] --END-- [ RunTime:0.000381s ]
INFO: [ app_begin ] --START--
INFO: Run Behavior\ReadHtmlCacheBehavior [ RunTime:0.000468s ]
INFO: [ app_begin ] --END-- [ RunTime:0.000524s ]
NOTIC: [2048] Declaration of Admin\Controller\ArticleController::show() should be compatible with Think\Controller::show($content, $charset = '', $contentType = '', $prefix = '') D:\Project\thinkphp-blog\Application\Admin\Controller\ArticleController.class.php 第 7 行.
SQL: SHOW COLUMNS FROM `tpb_article` [ RunTime:0.0101s ]
SQL: SELECT COUNT(*) AS tp_count FROM `tpb_article` WHERE `user_id` = 1 LIMIT 1   [ RunTime:0.0003s ]
SQL: SELECT * FROM `tpb_article` WHERE `user_id` = 1 ORDER BY `create_datetime` LIMIT 0,3   [ RunTime:0.0005s ]
INFO: [ view_parse ] --START--
INFO: [ template_filter ] --START--
INFO: Run Behavior\ContentReplaceBehavior [ RunTime:0.000068s ]
INFO: [ template_filter ] --END-- [ RunTime:0.000136s ]
INFO: Run Behavior\ParseTemplateBehavior [ RunTime:0.011344s ]
INFO: [ view_parse ] --END-- [ RunTime:0.011415s ]
INFO: [ view_filter ] --START--
INFO: Run Behavior\WriteHtmlCacheBehavior [ RunTime:0.000274s ]
INFO: [ view_filter ] --END-- [ RunTime:0.000310s ]
INFO: [ app_end ] --START--
INFO: Run Behavior\ShowPageTraceBehavior [ RunTime:0.001135s ]
INFO: [ app_end ] --END-- [ RunTime:0.001216s ]

[ 2016-09-25T16:31:00+08:00 ] 127.0.0.1 /index.php/Admin/Article/edit/id/19
INFO: [ app_init ] --START--
INFO: Run Behavior\BuildLiteBehavior [ RunTime:0.000019s ]
INFO: [ app_init ] --END-- [ RunTime:0.000486s ]
INFO: [ app_begin ] --START--
INFO: Run Behavior\ReadHtmlCacheBehavior [ RunTime:0.000646s ]
INFO: [ app_begin ] --END-- [ RunTime:0.000735s ]
NOTIC: [2048] Declaration of Admin\Controller\ArticleController::show() should be compatible with Think\Controller::show($content, $charset = '', $contentType = '', $prefix = '') D:\Project\thinkphp-blog\Application\Admin\Controller\ArticleController.class.php 第 7 行.
SQL: SHOW COLUMNS FROM `tpb_article` [ RunTime:0.0104s ]
SQL: SELECT * FROM `tpb_article` WHERE `id` = 19 LIMIT 1   [ RunTime:0.0004s ]
SQL: SHOW COLUMNS FROM `tpb_category` [ RunTime:0.0103s ]
SQL: SELECT * FROM `tpb_category`  [ RunTime:0.0003s ]
INFO: [ view_parse ] --START--
INFO: [ template_filter ] --START--
INFO: Run Behavior\ContentReplaceBehavior [ RunTime:0.000048s ]
INFO: [ template_filter ] --END-- [ RunTime:0.000091s ]
INFO: Run Behavior\ParseTemplateBehavior [ RunTime:0.094701s ]
INFO: [ view_parse ] --END-- [ RunTime:0.094762s ]
INFO: [ view_filter ] --START--
INFO: Run Behavior\WriteHtmlCacheBehavior [ RunTime:0.000239s ]
INFO: [ view_filter ] --END-- [ RunTime:0.000272s ]
INFO: [ app_end ] --START--
INFO: Run Behavior\ShowPageTraceBehavior [ RunTime:0.000667s ]
INFO: [ app_end ] --END-- [ RunTime:0.000702s ]

[ 2016-09-25T16:31:03+08:00 ] 127.0.0.1 /index.php/Admin/Article/update/id/19
INFO: [ app_init ] --START--
INFO: Run Behavior\BuildLiteBehavior [ RunTime:0.000013s ]
INFO: [ app_init ] --END-- [ RunTime:0.000340s ]
INFO: [ app_begin ] --START--
INFO: Run Behavior\ReadHtmlCacheBehavior [ RunTime:0.000407s ]
INFO: [ app_begin ] --END-- [ RunTime:0.000452s ]
NOTIC: [2048] Declaration of Admin\Controller\ArticleController::show() should be compatible with Think\Controller::show($content, $charset = '', $contentType = '', $prefix = '') D:\Project\thinkphp-blog\Application\Admin\Controller\ArticleController.class.php 第 7 行.
SQL: SHOW COLUMNS FROM `tpb_article` [ RunTime:0.0081s ]
SQL: UPDATE `tpb_article` SET `title`='aaa',`tag`='aa',`category_id`='4',`user_id`='1',`sort`='50',`content`='&lt;p&gt;
		&amp;nbsp; &amp;nbsp; &amp;nbsp; &amp;nbsp;这里写你的初始化内容
		 &amp;nbsp; &amp;nbsp;&lt;/p&gt;',`create_datetime`='2016-09-25 16:31:03' WHERE `id` = 19 [ RunTime:0.0514s ]
INFO: [ view_parse ] --START--
INFO: [ template_filter ] --START--
INFO: Run Behavior\ContentReplaceBehavior [ RunTime:0.000040s ]
INFO: [ template_filter ] --END-- [ RunTime:0.000085s ]
INFO: Run Behavior\ParseTemplateBehavior [ RunTime:0.005584s ]
INFO: [ view_parse ] --END-- [ RunTime:0.005635s ]
INFO: [ view_filter ] --START--
INFO: Run Behavior\WriteHtmlCacheBehavior [ RunTime:0.000232s ]
INFO: [ view_filter ] --END-- [ RunTime:0.000265s ]
INFO: [ app_end ] --START--
INFO: Run Behavior\ShowPageTraceBehavior [ RunTime:0.000669s ]
INFO: [ app_end ] --END-- [ RunTime:0.000707s ]

[ 2016-09-25T16:31:04+08:00 ] 127.0.0.1 /index.php/Admin/Article/edit/id/19
INFO: [ app_init ] --START--
INFO: Run Behavior\BuildLiteBehavior [ RunTime:0.000012s ]
INFO: [ app_init ] --END-- [ RunTime:0.000336s ]
INFO: [ app_begin ] --START--
INFO: Run Behavior\ReadHtmlCacheBehavior [ RunTime:0.000412s ]
INFO: [ app_begin ] --END-- [ RunTime:0.000456s ]
NOTIC: [2048] Declaration of Admin\Controller\ArticleController::show() should be compatible with Think\Controller::show($content, $charset = '', $contentType = '', $prefix = '') D:\Project\thinkphp-blog\Application\Admin\Controller\ArticleController.class.php 第 7 行.
SQL: SHOW COLUMNS FROM `tpb_article` [ RunTime:0.0080s ]
SQL: SELECT * FROM `tpb_article` WHERE `id` = 19 LIMIT 1   [ RunTime:0.0004s ]
SQL: SHOW COLUMNS FROM `tpb_category` [ RunTime:0.0081s ]
SQL: SELECT * FROM `tpb_category`  [ RunTime:0.0003s ]
INFO: [ view_parse ] --START--
INFO: [ template_filter ] --START--
INFO: Run Behavior\ContentReplaceBehavior [ RunTime:0.000049s ]
INFO: [ template_filter ] --END-- [ RunTime:0.000094s ]
INFO: Run Behavior\ParseTemplateBehavior [ RunTime:0.008131s ]
INFO: [ view_parse ] --END-- [ RunTime:0.008184s ]
INFO: [ view_filter ] --START--
INFO: Run Behavior\WriteHtmlCacheBehavior [ RunTime:0.000240s ]
INFO: [ view_filter ] --END-- [ RunTime:0.000274s ]
INFO: [ app_end ] --START--
INFO: Run Behavior\ShowPageTraceBehavior [ RunTime:0.000679s ]
INFO: [ app_end ] --END-- [ RunTime:0.000715s ]

[ 2016-09-25T16:31:08+08:00 ] 127.0.0.1 /index.php/Admin/Article/logout.html
INFO: [ app_init ] --START--
INFO: Run Behavior\BuildLiteBehavior [ RunTime:0.000012s ]
INFO: [ app_init ] --END-- [ RunTime:0.000371s ]
INFO: [ app_begin ] --START--
INFO: Run Behavior\ReadHtmlCacheBehavior [ RunTime:0.000461s ]
INFO: [ app_begin ] --END-- [ RunTime:0.000506s ]
NOTIC: [2048] Declaration of Admin\Controller\ArticleController::show() should be compatible with Think\Controller::show($content, $charset = '', $contentType = '', $prefix = '') D:\Project\thinkphp-blog\Application\Admin\Controller\ArticleController.class.php 第 7 行.

[ 2016-09-25T16:31:08+08:00 ] 127.0.0.1 /index.php/Admin/Login/login.html
INFO: [ app_init ] --START--
INFO: Run Behavior\BuildLiteBehavior [ RunTime:0.000011s ]
INFO: [ app_init ] --END-- [ RunTime:0.000427s ]
INFO: [ app_begin ] --START--
INFO: Run Behavior\ReadHtmlCacheBehavior [ RunTime:0.000396s ]
INFO: [ app_begin ] --END-- [ RunTime:0.000437s ]
INFO: [ view_parse ] --START--
INFO: [ template_filter ] --START--
INFO: Run Behavior\ContentReplaceBehavior [ RunTime:0.000042s ]
INFO: [ template_filter ] --END-- [ RunTime:0.000088s ]
INFO: Run Behavior\ParseTemplateBehavior [ RunTime:0.006054s ]
INFO: [ view_parse ] --END-- [ RunTime:0.006106s ]
INFO: [ view_filter ] --START--
INFO: Run Behavior\WriteHtmlCacheBehavior [ RunTime:0.000235s ]
INFO: [ view_filter ] --END-- [ RunTime:0.000267s ]
INFO: [ app_end ] --START--
INFO: Run Behavior\ShowPageTraceBehavior [ RunTime:0.000812s ]
INFO: [ app_end ] --END-- [ RunTime:0.000858s ]

[ 2016-09-25T16:31:08+08:00 ] 127.0.0.1 /index.php/Admin/Login/showVerify
INFO: [ app_init ] --START--
INFO: Run Behavior\BuildLiteBehavior [ RunTime:0.000015s ]
INFO: [ app_init ] --END-- [ RunTime:0.000489s ]
INFO: [ app_begin ] --START--
INFO: Run Behavior\ReadHtmlCacheBehavior [ RunTime:0.000862s ]
INFO: [ app_begin ] --END-- [ RunTime:0.000958s ]
INFO: [ app_end ] --START--
INFO: Run Behavior\ShowPageTraceBehavior [ RunTime:0.001379s ]
INFO: [ app_end ] --END-- [ RunTime:0.001484s ]

